  [1m[36m (1.1ms)[0m  [1mCREATE TABLE "schema_migrations" ("version" varchar NOT NULL) [0m
  [1m[35m (0.1ms)[0m  select sqlite_version(*)
  [1m[36m (1.4ms)[0m  [1mCREATE UNIQUE INDEX "unique_schema_migrations" ON "schema_migrations" ("version")[0m
  [1m[35mActiveRecord::SchemaMigration Load (0.1ms)[0m  SELECT "schema_migrations".* FROM "schema_migrations"
Migrating to CreateStocks (20150809201303)
  [1m[36m (0.1ms)[0m  [1mbegin transaction[0m
  [1m[35m (0.6ms)[0m  CREATE TABLE "stocks" ("id" INTEGER PRIMARY KEY AUTOINCREMENT NOT NULL, "ticker" varchar, "name" varchar, "industry" varchar, "eps" float, "pe" float, "pbook" float, "psales" float, "markcap" float, "ask" float, "bid" float, "peg" float, "graham_number" float, "shares" float, "book_value" float, "eps_v_ind" float, "pe_v_ind" float, "pbook_v_ind" float, "psales_v_ind" float, "markcap_v_ind" float, "peg_v_ind" float, "graham_number_v_ind" float, "shares_v_ind" float, "book_value_v_ind" float, "created_at" datetime NOT NULL, "updated_at" datetime NOT NULL) 
  [1m[36mSQL (0.2ms)[0m  [1mINSERT INTO "schema_migrations" ("version") VALUES (?)[0m  [["version", "20150809201303"]]
  [1m[35m (1.2ms)[0m  commit transaction
Migrating to CreateIndustries (20150809201322)
  [1m[36m (0.0ms)[0m  [1mbegin transaction[0m
  [1m[35m (0.4ms)[0m  CREATE TABLE "industries" ("id" INTEGER PRIMARY KEY AUTOINCREMENT NOT NULL, "name" varchar, "eps" float, "pe" float, "pbook" float, "psales" float, "markcap" float, "peg" float, "book_value" float, "shares" float, "graham_number" float, "created_at" datetime NOT NULL, "updated_at" datetime NOT NULL) 
  [1m[36mSQL (0.1ms)[0m  [1mINSERT INTO "schema_migrations" ("version") VALUES (?)[0m  [["version", "20150809201322"]]
  [1m[35m (1.1ms)[0m  commit transaction
Migrating to CreateUsers (20150809201329)
  [1m[36m (0.0ms)[0m  [1mbegin transaction[0m
  [1m[35m (0.4ms)[0m  CREATE TABLE "users" ("id" INTEGER PRIMARY KEY AUTOINCREMENT NOT NULL, "uid" varchar NOT NULL, "handle" varchar NOT NULL, "risk_preference" integer, "age" integer, "created_at" datetime NOT NULL, "updated_at" datetime NOT NULL) 
  [1m[36m (0.1ms)[0m  [1mCREATE  INDEX "index_users_on_uid" ON "users" ("uid")[0m
  [1m[35mSQL (0.1ms)[0m  INSERT INTO "schema_migrations" ("version") VALUES (?)  [["version", "20150809201329"]]
  [1m[36m (1.2ms)[0m  [1mcommit transaction[0m
Migrating to CreateOauths (20150809201335)
  [1m[35m (0.0ms)[0m  begin transaction
  [1m[36m (0.4ms)[0m  [1mCREATE TABLE "oauths" ("id" INTEGER PRIMARY KEY AUTOINCREMENT NOT NULL, "token" varchar NOT NULL, "secret" varchar NOT NULL, "created_at" datetime NOT NULL, "updated_at" datetime NOT NULL) [0m
  [1m[35m (0.1ms)[0m  CREATE  INDEX "index_oauths_on_token" ON "oauths" ("token")
  [1m[36mSQL (0.1ms)[0m  [1mINSERT INTO "schema_migrations" ("version") VALUES (?)[0m  [["version", "20150809201335"]]
  [1m[35m (1.2ms)[0m  commit transaction
  [1m[36mActiveRecord::SchemaMigration Load (0.1ms)[0m  [1mSELECT "schema_migrations".* FROM "schema_migrations"[0m
  [1m[35m (0.1ms)[0m              SELECT sql
            FROM sqlite_master
            WHERE name='index_oauths_on_token' AND type='index'
            UNION ALL
            SELECT sql
            FROM sqlite_temp_master
            WHERE name='index_oauths_on_token' AND type='index'

  [1m[36m (0.1ms)[0m  [1m            SELECT sql
            FROM sqlite_master
            WHERE name='index_users_on_uid' AND type='index'
            UNION ALL
            SELECT sql
            FROM sqlite_temp_master
            WHERE name='index_users_on_uid' AND type='index'
[0m


Started GET "/" for ::1 at 2015-08-09 13:17:06 -0700
  [1m[36mActiveRecord::SchemaMigration Load (0.1ms)[0m  [1mSELECT "schema_migrations".* FROM "schema_migrations"[0m
Processing by Rails::WelcomeController#index as HTML
  Rendered /Users/apprentice/.rbenv/versions/2.2.0/lib/ruby/gems/2.2.0/gems/railties-4.2.0/lib/rails/templates/rails/welcome/index.html.erb (2.0ms)
Completed 200 OK in 9ms (Views: 9.0ms | ActiveRecord: 0.0ms)
  [1m[36mStock Load (1.3ms)[0m  [1mSELECT "stocks".* FROM "stocks"[0m
  [1m[35m (0.1ms)[0m  begin transaction
  [1m[36mSQL (0.4ms)[0m  [1mINSERT INTO "stocks" ("ticker", "name", "created_at", "updated_at") VALUES (?, ?, ?, ?)[0m  [["ticker", "APL 123"], ["name", "Apple"], ["created_at", "2015-08-09 20:25:28.407890"], ["updated_at", "2015-08-09 20:25:28.407890"]]
  [1m[35m (5.8ms)[0m  commit transaction
  [1m[36m (0.1ms)[0m  [1mbegin transaction[0m
  [1m[35mSQL (0.4ms)[0m  INSERT INTO "stocks" ("ticker", "name", "created_at", "updated_at") VALUES (?, ?, ?, ?)  [["ticker", "CCL 123"], ["name", "Coca-Cola"], ["created_at", "2015-08-09 20:25:45.227778"], ["updated_at", "2015-08-09 20:25:45.227778"]]
  [1m[36m (1.7ms)[0m  [1mcommit transaction[0m
  [1m[35mStock Load (0.4ms)[0m  SELECT "stocks".* FROM "stocks"


Started GET "/stocks" for ::1 at 2015-08-09 13:26:17 -0700
  [1m[36mActiveRecord::SchemaMigration Load (0.1ms)[0m  [1mSELECT "schema_migrations".* FROM "schema_migrations"[0m
Processing by StocksController#index as HTML
  [1m[35mStock Load (0.2ms)[0m  SELECT "stocks".* FROM "stocks"
Completed 200 OK in 28ms (Views: 25.4ms | ActiveRecord: 0.8ms)
